# JRE version: Java(TM) SE Runtime Environment (8.0_202-b08) (build 1.8.0_202-b08)
# Java VM: Java HotSpot(TM) 64-Bit Server VM (25.202-b08 mixed mode windows-amd64 compressed oops)
Heap:
 PSYoungGen      total 54784K, used 38615K [0x000000076ad00000, 0x000000076f180000, 0x00000007c0000000)
  eden space 39424K, 60% used [0x000000076ad00000,0x000000076c431c60,0x000000076d380000)
  from space 15360K, 96% used [0x000000076e280000,0x000000076f104010,0x000000076f180000)
  to   space 15360K, 0% used [0x000000076d380000,0x000000076d380000,0x000000076e280000)
 ParOldGen       total 284160K, used 184717K [0x00000006c0600000, 0x00000006d1b80000, 0x000000076ad00000)
  object space 284160K, 65% used [0x00000006c0600000,0x00000006cba637f0,0x00000006d1b80000)
 Metaspace       used 76474K, capacity 80800K, committed 82304K, reserved 1120256K
  class space    used 9545K, capacity 10300K, committed 10624K, reserved 1048576K
GC Heap History (10 events):
Event: 126148.801 GC heap before
{Heap before GC invocations=15693 (full 13):
 PSYoungGen      total 54784K, used 54272K [0x000000076ad00000, 0x000000076f180000, 0x00000007c0000000)
  eden space 39424K, 100% used [0x000000076ad00000,0x000000076d380000,0x000000076d380000)
  from space 15360K, 96% used [0x000000076d380000,0x000000076e200020,0x000000076e280000)
  to   space 15360K, 0% used [0x000000076e280000,0x000000076e280000,0x000000076f180000)
 ParOldGen       total 284160K, used 184045K [0x00000006c0600000, 0x00000006d1b80000, 0x000000076ad00000)
  object space 284160K, 64% used [0x00000006c0600000,0x00000006cb9bb7b0,0x00000006d1b80000)
 Metaspace       used 76474K, capacity 80800K, committed 82304K, reserved 1120256K
  class space    used 9545K, capacity 10300K, committed 10624K, reserved 1048576K
Event: 126148.812 GC heap after
Heap after GC invocations=15693 (full 13):
 PSYoungGen      total 54784K, used 14880K [0x000000076ad00000, 0x000000076f180000, 0x00000007c0000000)
  eden space 39424K, 0% used [0x000000076ad00000,0x000000076ad00000,0x000000076d380000)
  from space 15360K, 96% used [0x000000076e280000,0x000000076f108020,0x000000076f180000)
  to   space 15360K, 0% used [0x000000076d380000,0x000000076d380000,0x000000076e280000)
 ParOldGen       total 284160K, used 184213K [0x00000006c0600000, 0x00000006d1b80000, 0x000000076ad00000)
  object space 284160K, 64% used [0x00000006c0600000,0x00000006cb9e57d0,0x00000006d1b80000)
 Metaspace       used 76474K, capacity 80800K, committed 82304K, reserved 1120256K
  class space    used 9545K, capacity 10300K, committed 10624K, reserved 1048576K
}
Event: 126154.405 GC heap before
{Heap before GC invocations=15694 (full 13):
 PSYoungGen      total 54784K, used 54304K [0x000000076ad00000, 0x000000076f180000, 0x00000007c0000000)
  eden space 39424K, 100% used [0x000000076ad00000,0x000000076d380000,0x000000076d380000)
  from space 15360K, 96% used [0x000000076e280000,0x000000076f108020,0x000000076f180000)
  to   space 15360K, 0% used [0x000000076d380000,0x000000076d380000,0x000000076e280000)
 ParOldGen       total 284160K, used 184213K [0x00000006c0600000, 0x00000006d1b80000, 0x000000076ad00000)
  object space 284160K, 64% used [0x00000006c0600000,0x00000006cb9e57d0,0x00000006d1b80000)
 Metaspace       used 76474K, capacity 80800K, committed 82304K, reserved 1120256K
  class space    used 9545K, capacity 10300K, committed 10624K, reserved 1048576K
Event: 126154.417 GC heap after
Heap after GC invocations=15694 (full 13):
 PSYoungGen      total 54784K, used 14848K [0x000000076ad00000, 0x000000076f180000, 0x00000007c0000000)
  eden space 39424K, 0% used [0x000000076ad00000,0x000000076ad00000,0x000000076d380000)
  from space 15360K, 96% used [0x000000076d380000,0x000000076e200000,0x000000076e280000)
  to   space 15360K, 0% used [0x000000076e280000,0x000000076e280000,0x000000076f180000)
 ParOldGen       total 284160K, used 184389K [0x00000006c0600000, 0x00000006d1b80000, 0x000000076ad00000)
  object space 284160K, 64% used [0x00000006c0600000,0x00000006cba117f0,0x00000006d1b80000)
 Metaspace       used 76474K, capacity 80800K, committed 82304K, reserved 1120256K
  class space    used 9545K, capacity 10300K, committed 10624K, reserved 1048576K
}
Event: 126159.962 GC heap before
{Heap before GC invocations=15695 (full 13):
 PSYoungGen      total 54784K, used 54272K [0x000000076ad00000, 0x000000076f180000, 0x00000007c0000000)
  eden space 39424K, 100% used [0x000000076ad00000,0x000000076d380000,0x000000076d380000)
  from space 15360K, 96% used [0x000000076d380000,0x000000076e200000,0x000000076e280000)
  to   space 15360K, 0% used [0x000000076e280000,0x000000076e280000,0x000000076f180000)
 ParOldGen       total 284160K, used 184389K [0x00000006c0600000, 0x00000006d1b80000, 0x000000076ad00000)
  object space 284160K, 64% used [0x00000006c0600000,0x00000006cba117f0,0x00000006d1b80000)
 Metaspace       used 76474K, capacity 80800K, committed 82304K, reserved 1120256K
  class space    used 9545K, capacity 10300K, committed 10624K, reserved 1048576K
Event: 126159.973 GC heap after
Heap after GC invocations=15695 (full 13):
 PSYoungGen      total 54784K, used 14752K [0x000000076ad00000, 0x000000076f180000, 0x00000007c0000000)
  eden space 39424K, 0% used [0x000000076ad00000,0x000000076ad00000,0x000000076d380000)
  from space 15360K, 96% used [0x000000076e280000,0x000000076f0e8000,0x000000076f180000)
  to   space 15360K, 0% used [0x000000076d380000,0x000000076d380000,0x000000076e280000)
 ParOldGen       total 284160K, used 184501K [0x00000006c0600000, 0x00000006d1b80000, 0x000000076ad00000)
  object space 284160K, 64% used [0x00000006c0600000,0x00000006cba2d7f0,0x00000006d1b80000)
 Metaspace       used 76474K, capacity 80800K, committed 82304K, reserved 1120256K
  class space    used 9545K, capacity 10300K, committed 10624K, reserved 1048576K
}
Event: 126165.538 GC heap before
{Heap before GC invocations=15696 (full 13):
 PSYoungGen      total 54784K, used 54176K [0x000000076ad00000, 0x000000076f180000, 0x00000007c0000000)
  eden space 39424K, 100% used [0x000000076ad00000,0x000000076d380000,0x000000076d380000)
  from space 15360K, 96% used [0x000000076e280000,0x000000076f0e8000,0x000000076f180000)
  to   space 15360K, 0% used [0x000000076d380000,0x000000076d380000,0x000000076e280000)
 ParOldGen       total 284160K, used 184501K [0x00000006c0600000, 0x00000006d1b80000, 0x000000076ad00000)
  object space 284160K, 64% used [0x00000006c0600000,0x00000006cba2d7f0,0x00000006d1b80000)
 Metaspace       used 76474K, capacity 80800K, committed 82304K, reserved 1120256K
  class space    used 9545K, capacity 10300K, committed 10624K, reserved 1048576K
Event: 126165.549 GC heap after
Heap after GC invocations=15696 (full 13):
 PSYoungGen      total 54784K, used 14848K [0x000000076ad00000, 0x000000076f180000, 0x00000007c0000000)
  eden space 39424K, 0% used [0x000000076ad00000,0x000000076ad00000,0x000000076d380000)
  from space 15360K, 96% used [0x000000076d380000,0x000000076e200000,0x000000076e280000)
  to   space 15360K, 0% used [0x000000076e280000,0x000000076e280000,0x000000076f180000)
 ParOldGen       total 284160K, used 184605K [0x00000006c0600000, 0x00000006d1b80000, 0x000000076ad00000)
  object space 284160K, 64% used [0x00000006c0600000,0x00000006cba477f0,0x00000006d1b80000)
 Metaspace       used 76474K, capacity 80800K, committed 82304K, reserved 1120256K
  class space    used 9545K, capacity 10300K, committed 10624K, reserved 1048576K
}
Event: 126171.121 GC heap before
{Heap before GC invocations=15697 (full 13):
 PSYoungGen      total 54784K, used 54272K [0x000000076ad00000, 0x000000076f180000, 0x00000007c0000000)
  eden space 39424K, 100% used [0x000000076ad00000,0x000000076d380000,0x000000076d380000)
  from space 15360K, 96% used [0x000000076d380000,0x000000076e200000,0x000000076e280000)
  to   space 15360K, 0% used [0x000000076e280000,0x000000076e280000,0x000000076f180000)
 ParOldGen       total 284160K, used 184605K [0x00000006c0600000, 0x00000006d1b80000, 0x000000076ad00000)
  object space 284160K, 64% used [0x00000006c0600000,0x00000006cba477f0,0x00000006d1b80000)
 Metaspace       used 76474K, capacity 80800K, committed 82304K, reserved 1120256K
  class space    used 9545K, capacity 10300K, committed 10624K, reserved 1048576K
Event: 126171.133 GC heap after
Heap after GC invocations=15697 (full 13):
 PSYoungGen      total 54784K, used 14864K [0x000000076ad00000, 0x000000076f180000, 0x00000007c0000000)
  eden space 39424K, 0% used [0x000000076ad00000,0x000000076ad00000,0x000000076d380000)
  from space 15360K, 96% used [0x000000076e280000,0x000000076f104010,0x000000076f180000)
  to   space 15360K, 0% used [0x000000076d380000,0x000000076d380000,0x000000076e280000)
 ParOldGen       total 284160K, used 184717K [0x00000006c0600000, 0x00000006d1b80000, 0x000000076ad00000)
  object space 284160K, 65% used [0x00000006c0600000,0x00000006cba637f0,0x00000006d1b80000)
 Metaspace       used 76474K, capacity 80800K, committed 82304K, reserved 1120256K
  class space    used 9545K, capacity 10300K, committed 10624K, reserved 1048576K
}

